The true model parameters are: 
N : 100
Q : 1
d : 1
K : 1
X :
tensor([[-4.4789e-01],
        [ 3.3559e-02],
        [-2.5853e-01],
        [ 8.4703e-01],
        [-1.9186e-01],
        [ 2.0230e-01],
        [ 6.3522e-01],
        [-8.6043e-01],
        [ 6.8908e-01],
        [ 7.2608e-01],
        [ 5.4652e-01],
        [-2.1680e-01],
        [-2.0313e+00],
        [-2.6712e+00],
        [-6.4196e-01],
        [ 5.6709e-01],
        [ 1.4686e+00],
        [-1.0743e+00],
        [-3.0028e-01],
        [-9.6557e-01],
        [ 1.6927e+00],
        [ 1.5901e-02],
        [ 1.7862e+00],
        [-5.9970e-01],
        [ 4.3739e-01],
        [-1.2050e-01],
        [-7.0030e-01],
        [-6.7931e-02],
        [ 2.1459e-01],
        [ 4.1809e-01],
        [ 7.8807e-02],
        [ 1.6956e-01],
        [-1.7949e-01],
        [ 1.8357e-01],
        [ 5.0365e-01],
        [-2.3430e-01],
        [-2.6703e-01],
        [ 7.4867e-01],
        [-8.2002e-01],
        [ 2.4032e-01],
        [ 6.4349e-01],
        [-2.3764e-01],
        [-2.2721e-01],
        [ 5.3623e-01],
        [ 1.4939e-01],
        [ 1.0006e+00],
        [-4.4056e-01],
        [-8.7581e-01],
        [ 5.3807e-01],
        [-8.2614e-01],
        [ 8.4244e-01],
        [-5.7390e-01],
        [ 1.6398e+00],
        [-4.6748e-01],
        [ 1.8099e-01],
        [-1.9244e-02],
        [-2.2813e-01],
        [-1.1261e+00],
        [-8.2191e-01],
        [ 1.5214e+00],
        [ 1.7347e+00],
        [ 3.5049e-01],
        [ 2.5462e-01],
        [ 1.8550e+00],
        [-4.6881e-01],
        [-2.9454e-01],
        [-4.4684e-01],
        [ 6.1260e-02],
        [ 8.1474e-03],
        [ 2.2363e+00],
        [-8.2487e-01],
        [ 4.5630e-01],
        [-2.2439e+00],
        [-1.6219e-01],
        [-1.0863e+00],
        [ 3.9231e-01],
        [ 1.6945e+00],
        [-1.0377e+00],
        [-1.6360e+00],
        [-8.1961e-01],
        [ 1.1512e+00],
        [ 1.2400e+00],
        [ 2.9125e+00],
        [-6.4159e-01],
        [-9.8725e-01],
        [-1.2868e-01],
        [-6.3990e-02],
        [-3.0180e-01],
        [-1.4275e+00],
        [-9.6687e-01],
        [-7.3490e-01],
        [ 3.9407e-01],
        [ 4.8132e-01],
        [ 5.6988e-01],
        [-2.7985e-03],
        [-9.6148e-01],
        [ 3.0304e-02],
        [-1.0502e+00],
        [ 9.1408e-01],
        [-9.1374e-01]])
mu :
tensor([0.0010])
L  :
tensor([[0.0800]])
D  :
tensor([[0.0200]])
sigma :
tensor([[0.0264]])
A  :
tensor([[0.1625]])
B  :
tensor([[0.]])
Y :
tensor([[2.],
        [3.],
        [5.],
        [5.],
        [2.],
        [1.],
        [3.],
        [2.],
        [3.],
        [4.],
        [5.],
        [3.],
        [4.],
        [1.],
        [3.],
        [4.],
        [2.],
        [4.],
        [2.],
        [2.],
        [3.],
        [3.],
        [1.],
        [1.],
        [1.],
        [1.],
        [1.],
        [3.],
        [2.],
        [4.],
        [1.],
        [1.],
        [1.],
        [0.],
        [4.],
        [1.],
        [5.],
        [4.],
        [3.],
        [2.],
        [1.],
        [2.],
        [4.],
        [2.],
        [2.],
        [2.],
        [3.],
        [5.],
        [6.],
        [2.],
        [1.],
        [3.],
        [6.],
        [1.],
        [3.],
        [5.],
        [4.],
        [4.],
        [1.],
        [2.],
        [2.],
        [3.],
        [2.],
        [3.],
        [2.],
        [4.],
        [1.],
        [2.],
        [4.],
        [3.],
        [3.],
        [3.],
        [2.],
        [3.],
        [2.],
        [4.],
        [6.],
        [3.],
        [4.],
        [2.],
        [2.],
        [0.],
        [3.],
        [4.],
        [4.],
        [1.],
        [6.],
        [4.],
        [2.],
        [1.],
        [2.],
        [9.],
        [3.],
        [3.],
        [3.],
        [1.],
        [4.],
        [1.],
        [4.],
        [4.]])
The parameters after convergence are: 
mu :   
[0.84674305]
mu_grad: 
[95.82306]
L  :   
[[-0.6733677]]
L_grad: 
[[8.965744]]
D  :   
[[0.4880225]]
D_grad: 
[[-13.217747]]
B  :   
[[-0.09026227]]
B_grad: 
[[-54.049072]]
phi_1 :[-0.60344166]
phi_1_grad: [0.00050749]
phi_2 :[0.05543555]
phi_2_grad: [-0.00022962]
phi_3 :[-3.9669275]
phi_3_grad: [307.08163]
phi_4 :[2.9455209]
phi_4_grad: [-346.20483]
sigma :[[0.53431314]]
A  :  
[[0.7309673]]
ELBO: 1116.2957763671875
The training parameters are: 
batch_size : 100
max_iterations : 500
learning_rate : 0.01
